[INFO][main][2019-09-16 18:57:54][org.springframework.test.context.support.AbstractTestContextBootstrapper] - Using TestExecutionListeners: [org.springframework.test.context.web.ServletTestExecutionListener@6a4f787b, org.springframework.test.context.support.DirtiesContextBeforeModesTestExecutionListener@685cb137, org.springframework.test.context.support.DependencyInjectionTestExecutionListener@6a41eaa2, org.springframework.test.context.support.DirtiesContextTestExecutionListener@7cd62f43]
[INFO][main][2019-09-16 18:57:54][org.springframework.beans.factory.xml.XmlBeanDefinitionReader] - Loading XML bean definitions from class path resource [applicationContext-solr.xml]
[INFO][main][2019-09-16 18:57:55][org.springframework.context.support.AbstractApplicationContext] - Refreshing org.springframework.context.support.GenericApplicationContext@6ddf90b0: startup date [Mon Sep 16 18:57:55 CST 2019]; root of context hierarchy
[INFO][main][2019-09-16 18:57:55][org.springframework.beans.factory.annotation.AutowiredAnnotationBeanPostProcessor] - JSR-330 'javax.inject.Inject' annotation found and supported for autowiring
[INFO][Thread-0][2019-09-16 18:57:58][org.springframework.context.support.AbstractApplicationContext] - Closing org.springframework.context.support.GenericApplicationContext@6ddf90b0: startup date [Mon Sep 16 18:57:55 CST 2019]; root of context hierarchy
[INFO][main][2019-09-16 18:58:52][org.springframework.test.context.support.AbstractTestContextBootstrapper] - Using TestExecutionListeners: [org.springframework.test.context.web.ServletTestExecutionListener@6a4f787b, org.springframework.test.context.support.DirtiesContextBeforeModesTestExecutionListener@685cb137, org.springframework.test.context.support.DependencyInjectionTestExecutionListener@6a41eaa2, org.springframework.test.context.support.DirtiesContextTestExecutionListener@7cd62f43]
[INFO][main][2019-09-16 18:58:52][org.springframework.beans.factory.xml.XmlBeanDefinitionReader] - Loading XML bean definitions from class path resource [applicationContext-solr.xml]
[INFO][main][2019-09-16 18:58:52][org.springframework.context.support.AbstractApplicationContext] - Refreshing org.springframework.context.support.GenericApplicationContext@6ddf90b0: startup date [Mon Sep 16 18:58:52 CST 2019]; root of context hierarchy
[INFO][main][2019-09-16 18:58:52][org.springframework.beans.factory.annotation.AutowiredAnnotationBeanPostProcessor] - JSR-330 'javax.inject.Inject' annotation found and supported for autowiring
[INFO][Thread-0][2019-09-16 18:58:55][org.springframework.context.support.AbstractApplicationContext] - Closing org.springframework.context.support.GenericApplicationContext@6ddf90b0: startup date [Mon Sep 16 18:58:52 CST 2019]; root of context hierarchy
[INFO][main][2019-09-16 19:02:23][org.springframework.test.context.support.AbstractTestContextBootstrapper] - Using TestExecutionListeners: [org.springframework.test.context.web.ServletTestExecutionListener@6a4f787b, org.springframework.test.context.support.DirtiesContextBeforeModesTestExecutionListener@685cb137, org.springframework.test.context.support.DependencyInjectionTestExecutionListener@6a41eaa2, org.springframework.test.context.support.DirtiesContextTestExecutionListener@7cd62f43]
[INFO][main][2019-09-16 19:02:24][org.springframework.beans.factory.xml.XmlBeanDefinitionReader] - Loading XML bean definitions from class path resource [applicationContext-solr.xml]
[INFO][main][2019-09-16 19:02:24][org.springframework.context.support.AbstractApplicationContext] - Refreshing org.springframework.context.support.GenericApplicationContext@6ddf90b0: startup date [Mon Sep 16 19:02:24 CST 2019]; root of context hierarchy
[INFO][main][2019-09-16 19:02:24][org.springframework.beans.factory.annotation.AutowiredAnnotationBeanPostProcessor] - JSR-330 'javax.inject.Inject' annotation found and supported for autowiring
[INFO][Thread-0][2019-09-16 19:02:27][org.springframework.context.support.AbstractApplicationContext] - Closing org.springframework.context.support.GenericApplicationContext@6ddf90b0: startup date [Mon Sep 16 19:02:24 CST 2019]; root of context hierarchy
[INFO][main][2019-09-16 19:04:43][org.springframework.test.context.support.AbstractTestContextBootstrapper] - Using TestExecutionListeners: [org.springframework.test.context.web.ServletTestExecutionListener@6a4f787b, org.springframework.test.context.support.DirtiesContextBeforeModesTestExecutionListener@685cb137, org.springframework.test.context.support.DependencyInjectionTestExecutionListener@6a41eaa2, org.springframework.test.context.support.DirtiesContextTestExecutionListener@7cd62f43]
[INFO][main][2019-09-16 19:04:43][org.springframework.beans.factory.xml.XmlBeanDefinitionReader] - Loading XML bean definitions from class path resource [applicationContext-solr.xml]
[INFO][main][2019-09-16 19:04:44][org.springframework.beans.factory.xml.XmlBeanDefinitionReader] - Loading XML bean definitions from class path resource [spring-mvc.xml]
[INFO][main][2019-09-16 19:04:44][org.springframework.context.support.AbstractApplicationContext] - Refreshing org.springframework.context.support.GenericApplicationContext@6ddf90b0: startup date [Mon Sep 16 19:04:44 CST 2019]; root of context hierarchy
[INFO][main][2019-09-16 19:04:44][org.springframework.beans.factory.annotation.AutowiredAnnotationBeanPostProcessor] - JSR-330 'javax.inject.Inject' annotation found and supported for autowiring
[INFO][main][2019-09-16 19:04:47][org.springframework.web.servlet.handler.AbstractUrlHandlerMapping] - Mapped URL path [/**] onto handler 'org.springframework.web.servlet.resource.DefaultServletHttpRequestHandler#0'
[WARN][main][2019-09-16 19:04:47][org.springframework.context.support.AbstractApplicationContext] - Exception encountered during context initialization - cancelling refresh attempt: org.springframework.beans.factory.BeanCreationException: Error creating bean with name 'baseController': Injection of autowired dependencies failed; nested exception is org.springframework.beans.factory.BeanCreationException: Could not autowire field: private com.senhua.my.wonderland.web.service.UserContentService com.senhua.my.wonderland.web.controller.BaseController.userContentService; nested exception is org.springframework.beans.factory.NoSuchBeanDefinitionException: No qualifying bean of type [com.senhua.my.wonderland.web.service.UserContentService] found for dependency: expected at least 1 bean which qualifies as autowire candidate for this dependency. Dependency annotations: {@org.springframework.beans.factory.annotation.Autowired(required=true)}
[ERROR][main][2019-09-16 19:04:47][org.springframework.test.context.TestContextManager] - Caught exception while allowing TestExecutionListener [org.springframework.test.context.support.DependencyInjectionTestExecutionListener@6a41eaa2] to prepare test instance [TestSolrJ@5a37d3ed]
java.lang.IllegalStateException: Failed to load ApplicationContext
	at org.springframework.test.context.cache.DefaultCacheAwareContextLoaderDelegate.loadContext(DefaultCacheAwareContextLoaderDelegate.java:124)
	at org.springframework.test.context.support.DefaultTestContext.getApplicationContext(DefaultTestContext.java:83)
	at org.springframework.test.context.support.DependencyInjectionTestExecutionListener.injectDependencies(DependencyInjectionTestExecutionListener.java:117)
	at org.springframework.test.context.support.DependencyInjectionTestExecutionListener.prepareTestInstance(DependencyInjectionTestExecutionListener.java:83)
	at org.springframework.test.context.TestContextManager.prepareTestInstance(TestContextManager.java:228)
	at org.springframework.test.context.junit4.SpringJUnit4ClassRunner.createTest(SpringJUnit4ClassRunner.java:230)
	at org.springframework.test.context.junit4.SpringJUnit4ClassRunner$1.runReflectiveCall(SpringJUnit4ClassRunner.java:289)
	at org.junit.internal.runners.model.ReflectiveCallable.run(ReflectiveCallable.java:12)
	at org.springframework.test.context.junit4.SpringJUnit4ClassRunner.methodBlock(SpringJUnit4ClassRunner.java:291)
	at org.springframework.test.context.junit4.SpringJUnit4ClassRunner.runChild(SpringJUnit4ClassRunner.java:249)
	at org.springframework.test.context.junit4.SpringJUnit4ClassRunner.runChild(SpringJUnit4ClassRunner.java:89)
	at org.junit.runners.ParentRunner$4.run(ParentRunner.java:330)
	at org.junit.runners.ParentRunner$1.schedule(ParentRunner.java:78)
	at org.junit.runners.ParentRunner.runChildren(ParentRunner.java:328)
	at org.junit.runners.ParentRunner.access$100(ParentRunner.java:65)
	at org.junit.runners.ParentRunner$2.evaluate(ParentRunner.java:292)
	at org.springframework.test.context.junit4.statements.RunBeforeTestClassCallbacks.evaluate(RunBeforeTestClassCallbacks.java:61)
	at org.springframework.test.context.junit4.statements.RunAfterTestClassCallbacks.evaluate(RunAfterTestClassCallbacks.java:70)
	at org.junit.runners.ParentRunner$3.evaluate(ParentRunner.java:305)
	at org.junit.runners.ParentRunner.run(ParentRunner.java:412)
	at org.springframework.test.context.junit4.SpringJUnit4ClassRunner.run(SpringJUnit4ClassRunner.java:193)
	at org.junit.runner.JUnitCore.run(JUnitCore.java:137)
	at com.intellij.junit4.JUnit4IdeaTestRunner.startRunnerWithArgs(JUnit4IdeaTestRunner.java:68)
	at com.intellij.rt.execution.junit.IdeaTestRunner$Repeater.startRunnerWithArgs(IdeaTestRunner.java:51)
	at com.intellij.rt.execution.junit.JUnitStarter.prepareStreamsAndStart(JUnitStarter.java:237)
	at com.intellij.rt.execution.junit.JUnitStarter.main(JUnitStarter.java:70)
Caused by: org.springframework.beans.factory.BeanCreationException: Error creating bean with name 'baseController': Injection of autowired dependencies failed; nested exception is org.springframework.beans.factory.BeanCreationException: Could not autowire field: private com.senhua.my.wonderland.web.service.UserContentService com.senhua.my.wonderland.web.controller.BaseController.userContentService; nested exception is org.springframework.beans.factory.NoSuchBeanDefinitionException: No qualifying bean of type [com.senhua.my.wonderland.web.service.UserContentService] found for dependency: expected at least 1 bean which qualifies as autowire candidate for this dependency. Dependency annotations: {@org.springframework.beans.factory.annotation.Autowired(required=true)}
	at org.springframework.beans.factory.annotation.AutowiredAnnotationBeanPostProcessor.postProcessPropertyValues(AutowiredAnnotationBeanPostProcessor.java:334)
	at org.springframework.beans.factory.support.AbstractAutowireCapableBeanFactory.populateBean(AbstractAutowireCapableBeanFactory.java:1214)
	at org.springframework.beans.factory.support.AbstractAutowireCapableBeanFactory.doCreateBean(AbstractAutowireCapableBeanFactory.java:543)
	at org.springframework.beans.factory.support.AbstractAutowireCapableBeanFactory.createBean(AbstractAutowireCapableBeanFactory.java:482)
	at org.springframework.beans.factory.support.AbstractBeanFactory$1.getObject(AbstractBeanFactory.java:306)
	at org.springframework.beans.factory.support.DefaultSingletonBeanRegistry.getSingleton(DefaultSingletonBeanRegistry.java:230)
	at org.springframework.beans.factory.support.AbstractBeanFactory.doGetBean(AbstractBeanFactory.java:302)
	at org.springframework.beans.factory.support.AbstractBeanFactory.getBean(AbstractBeanFactory.java:197)
	at org.springframework.beans.factory.support.DefaultListableBeanFactory.preInstantiateSingletons(DefaultListableBeanFactory.java:772)
	at org.springframework.context.support.AbstractApplicationContext.finishBeanFactoryInitialization(AbstractApplicationContext.java:839)
	at org.springframework.context.support.AbstractApplicationContext.refresh(AbstractApplicationContext.java:538)
	at org.springframework.test.context.support.AbstractGenericContextLoader.loadContext(AbstractGenericContextLoader.java:125)
	at org.springframework.test.context.support.AbstractGenericContextLoader.loadContext(AbstractGenericContextLoader.java:60)
	at org.springframework.test.context.support.AbstractDelegatingSmartContextLoader.delegateLoading(AbstractDelegatingSmartContextLoader.java:109)
	at org.springframework.test.context.support.AbstractDelegatingSmartContextLoader.loadContext(AbstractDelegatingSmartContextLoader.java:261)
	at org.springframework.test.context.cache.DefaultCacheAwareContextLoaderDelegate.loadContextInternal(DefaultCacheAwareContextLoaderDelegate.java:98)
	at org.springframework.test.context.cache.DefaultCacheAwareContextLoaderDelegate.loadContext(DefaultCacheAwareContextLoaderDelegate.java:116)
	... 25 more
Caused by: org.springframework.beans.factory.BeanCreationException: Could not autowire field: private com.senhua.my.wonderland.web.service.UserContentService com.senhua.my.wonderland.web.controller.BaseController.userContentService; nested exception is org.springframework.beans.factory.NoSuchBeanDefinitionException: No qualifying bean of type [com.senhua.my.wonderland.web.service.UserContentService] found for dependency: expected at least 1 bean which qualifies as autowire candidate for this dependency. Dependency annotations: {@org.springframework.beans.factory.annotation.Autowired(required=true)}
	at org.springframework.beans.factory.annotation.AutowiredAnnotationBeanPostProcessor$AutowiredFieldElement.inject(AutowiredAnnotationBeanPostProcessor.java:573)
	at org.springframework.beans.factory.annotation.InjectionMetadata.inject(InjectionMetadata.java:88)
	at org.springframework.beans.factory.annotation.AutowiredAnnotationBeanPostProcessor.postProcessPropertyValues(AutowiredAnnotationBeanPostProcessor.java:331)
	... 41 more
Caused by: org.springframework.beans.factory.NoSuchBeanDefinitionException: No qualifying bean of type [com.senhua.my.wonderland.web.service.UserContentService] found for dependency: expected at least 1 bean which qualifies as autowire candidate for this dependency. Dependency annotations: {@org.springframework.beans.factory.annotation.Autowired(required=true)}
	at org.springframework.beans.factory.support.DefaultListableBeanFactory.raiseNoSuchBeanDefinitionException(DefaultListableBeanFactory.java:1373)
	at org.springframework.beans.factory.support.DefaultListableBeanFactory.doResolveDependency(DefaultListableBeanFactory.java:1119)
	at org.springframework.beans.factory.support.DefaultListableBeanFactory.resolveDependency(DefaultListableBeanFactory.java:1014)
	at org.springframework.beans.factory.annotation.AutowiredAnnotationBeanPostProcessor$AutowiredFieldElement.inject(AutowiredAnnotationBeanPostProcessor.java:545)
	... 43 more
[INFO][main][2019-09-16 19:08:43][org.springframework.test.context.support.AbstractTestContextBootstrapper] - Using TestExecutionListeners: [org.springframework.test.context.web.ServletTestExecutionListener@6a4f787b, org.springframework.test.context.support.DirtiesContextBeforeModesTestExecutionListener@685cb137, org.springframework.test.context.support.DependencyInjectionTestExecutionListener@6a41eaa2, org.springframework.test.context.support.DirtiesContextTestExecutionListener@7cd62f43]
[INFO][main][2019-09-16 19:08:43][org.springframework.beans.factory.xml.XmlBeanDefinitionReader] - Loading XML bean definitions from class path resource [applicationContext-solr.xml]
[INFO][main][2019-09-16 19:08:43][org.springframework.context.support.AbstractApplicationContext] - Refreshing org.springframework.context.support.GenericApplicationContext@6ddf90b0: startup date [Mon Sep 16 19:08:43 CST 2019]; root of context hierarchy
[INFO][main][2019-09-16 19:08:43][org.springframework.beans.factory.annotation.AutowiredAnnotationBeanPostProcessor] - JSR-330 'javax.inject.Inject' annotation found and supported for autowiring
[INFO][Thread-0][2019-09-16 19:08:46][org.springframework.context.support.AbstractApplicationContext] - Closing org.springframework.context.support.GenericApplicationContext@6ddf90b0: startup date [Mon Sep 16 19:08:43 CST 2019]; root of context hierarchy
[INFO][main][2019-09-16 19:11:40][org.springframework.test.context.support.AbstractTestContextBootstrapper] - Using TestExecutionListeners: [org.springframework.test.context.web.ServletTestExecutionListener@6a4f787b, org.springframework.test.context.support.DirtiesContextBeforeModesTestExecutionListener@685cb137, org.springframework.test.context.support.DependencyInjectionTestExecutionListener@6a41eaa2, org.springframework.test.context.support.DirtiesContextTestExecutionListener@7cd62f43]
[INFO][main][2019-09-16 19:11:40][org.springframework.beans.factory.xml.XmlBeanDefinitionReader] - Loading XML bean definitions from class path resource [applicationContext-redis.xml]
[INFO][main][2019-09-16 19:11:40][org.springframework.beans.factory.xml.XmlBeanDefinitionReader] - Loading XML bean definitions from class path resource [spring-mybatis.xml]
[INFO][main][2019-09-16 19:11:41][org.springframework.beans.factory.xml.XmlBeanDefinitionReader] - Loading XML bean definitions from class path resource [applicationContext-activemq.xml]
[INFO][main][2019-09-16 19:11:41][org.springframework.beans.factory.xml.XmlBeanDefinitionReader] - Loading XML bean definitions from class path resource [applicationContext-solr.xml]
[INFO][main][2019-09-16 19:11:41][org.springframework.context.support.AbstractApplicationContext] - Refreshing org.springframework.context.support.GenericApplicationContext@6ddf90b0: startup date [Mon Sep 16 19:11:41 CST 2019]; root of context hierarchy
[INFO][main][2019-09-16 19:11:42][org.springframework.core.io.support.PropertiesLoaderSupport] - Loading properties file from class path resource [jdbc.properties]
[INFO][main][2019-09-16 19:11:42][org.springframework.core.io.support.PropertiesLoaderSupport] - Loading properties file from class path resource [redis.properties]
[INFO][main][2019-09-16 19:11:42][org.springframework.beans.factory.annotation.AutowiredAnnotationBeanPostProcessor] - JSR-330 'javax.inject.Inject' annotation found and supported for autowiring
[INFO][main][2019-09-16 19:11:45][org.springframework.context.support.DefaultLifecycleProcessor$LifecycleGroup] - Starting beans in phase 2147483647
[INFO][Thread-3][2019-09-16 19:11:47][org.springframework.context.support.AbstractApplicationContext] - Closing org.springframework.context.support.GenericApplicationContext@6ddf90b0: startup date [Mon Sep 16 19:11:41 CST 2019]; root of context hierarchy
[INFO][Thread-3][2019-09-16 19:11:47][org.springframework.context.support.DefaultLifecycleProcessor$LifecycleGroup] - Stopping beans in phase 2147483647
[INFO][org.springframework.jms.listener.DefaultMessageListenerContainer#0-1][2019-09-16 19:11:51][org.springframework.jms.listener.DefaultMessageListenerContainer] - JMS message listener invoker needs to establish shared Connection
[INFO][main][2019-09-16 19:34:27][org.springframework.test.context.support.AbstractTestContextBootstrapper] - Using TestExecutionListeners: [org.springframework.test.context.web.ServletTestExecutionListener@6a4f787b, org.springframework.test.context.support.DirtiesContextBeforeModesTestExecutionListener@685cb137, org.springframework.test.context.support.DependencyInjectionTestExecutionListener@6a41eaa2, org.springframework.test.context.support.DirtiesContextTestExecutionListener@7cd62f43]
[INFO][main][2019-09-16 19:34:27][org.springframework.beans.factory.xml.XmlBeanDefinitionReader] - Loading XML bean definitions from class path resource [applicationContext-redis.xml]
[INFO][main][2019-09-16 19:34:27][org.springframework.beans.factory.xml.XmlBeanDefinitionReader] - Loading XML bean definitions from class path resource [spring-mybatis.xml]
[INFO][main][2019-09-16 19:34:28][org.springframework.beans.factory.xml.XmlBeanDefinitionReader] - Loading XML bean definitions from class path resource [applicationContext-activemq.xml]
[INFO][main][2019-09-16 19:34:28][org.springframework.beans.factory.xml.XmlBeanDefinitionReader] - Loading XML bean definitions from class path resource [applicationContext-solr.xml]
[INFO][main][2019-09-16 19:34:28][org.springframework.context.support.AbstractApplicationContext] - Refreshing org.springframework.context.support.GenericApplicationContext@6ddf90b0: startup date [Mon Sep 16 19:34:28 CST 2019]; root of context hierarchy
[INFO][main][2019-09-16 19:34:28][org.springframework.core.io.support.PropertiesLoaderSupport] - Loading properties file from class path resource [jdbc.properties]
[INFO][main][2019-09-16 19:34:28][org.springframework.core.io.support.PropertiesLoaderSupport] - Loading properties file from class path resource [redis.properties]
[INFO][main][2019-09-16 19:34:28][org.springframework.beans.factory.annotation.AutowiredAnnotationBeanPostProcessor] - JSR-330 'javax.inject.Inject' annotation found and supported for autowiring
[INFO][main][2019-09-16 19:34:32][org.springframework.context.support.DefaultLifecycleProcessor$LifecycleGroup] - Starting beans in phase 2147483647
[INFO][Thread-3][2019-09-16 19:34:34][org.springframework.context.support.AbstractApplicationContext] - Closing org.springframework.context.support.GenericApplicationContext@6ddf90b0: startup date [Mon Sep 16 19:34:28 CST 2019]; root of context hierarchy
[INFO][Thread-3][2019-09-16 19:34:34][org.springframework.context.support.DefaultLifecycleProcessor$LifecycleGroup] - Stopping beans in phase 2147483647
[INFO][org.springframework.jms.listener.DefaultMessageListenerContainer#0-1][2019-09-16 19:34:38][org.springframework.jms.listener.DefaultMessageListenerContainer] - JMS message listener invoker needs to establish shared Connection
[INFO][main][2019-09-16 19:41:53][org.springframework.test.context.support.AbstractTestContextBootstrapper] - Using TestExecutionListeners: [org.springframework.test.context.web.ServletTestExecutionListener@6a4f787b, org.springframework.test.context.support.DirtiesContextBeforeModesTestExecutionListener@685cb137, org.springframework.test.context.support.DependencyInjectionTestExecutionListener@6a41eaa2, org.springframework.test.context.support.DirtiesContextTestExecutionListener@7cd62f43]
[INFO][main][2019-09-16 19:41:53][org.springframework.beans.factory.xml.XmlBeanDefinitionReader] - Loading XML bean definitions from class path resource [applicationContext-redis.xml]
[INFO][main][2019-09-16 19:41:53][org.springframework.beans.factory.xml.XmlBeanDefinitionReader] - Loading XML bean definitions from class path resource [spring-mybatis.xml]
[INFO][main][2019-09-16 19:41:54][org.springframework.beans.factory.xml.XmlBeanDefinitionReader] - Loading XML bean definitions from class path resource [applicationContext-activemq.xml]
[INFO][main][2019-09-16 19:41:54][org.springframework.beans.factory.xml.XmlBeanDefinitionReader] - Loading XML bean definitions from class path resource [applicationContext-solr.xml]
[INFO][main][2019-09-16 19:41:54][org.springframework.context.support.AbstractApplicationContext] - Refreshing org.springframework.context.support.GenericApplicationContext@6ddf90b0: startup date [Mon Sep 16 19:41:54 CST 2019]; root of context hierarchy
[INFO][main][2019-09-16 19:41:54][org.springframework.core.io.support.PropertiesLoaderSupport] - Loading properties file from class path resource [jdbc.properties]
[INFO][main][2019-09-16 19:41:54][org.springframework.core.io.support.PropertiesLoaderSupport] - Loading properties file from class path resource [redis.properties]
[INFO][main][2019-09-16 19:41:54][org.springframework.beans.factory.annotation.AutowiredAnnotationBeanPostProcessor] - JSR-330 'javax.inject.Inject' annotation found and supported for autowiring
[INFO][main][2019-09-16 19:41:58][org.springframework.context.support.DefaultLifecycleProcessor$LifecycleGroup] - Starting beans in phase 2147483647
[INFO][Thread-3][2019-09-16 19:41:59][org.springframework.context.support.AbstractApplicationContext] - Closing org.springframework.context.support.GenericApplicationContext@6ddf90b0: startup date [Mon Sep 16 19:41:54 CST 2019]; root of context hierarchy
[INFO][Thread-3][2019-09-16 19:41:59][org.springframework.context.support.DefaultLifecycleProcessor$LifecycleGroup] - Stopping beans in phase 2147483647
[INFO][org.springframework.jms.listener.DefaultMessageListenerContainer#0-1][2019-09-16 19:42:04][org.springframework.jms.listener.DefaultMessageListenerContainer] - JMS message listener invoker needs to establish shared Connection
[INFO][main][2019-09-16 19:45:29][org.springframework.test.context.support.AbstractTestContextBootstrapper] - Using TestExecutionListeners: [org.springframework.test.context.web.ServletTestExecutionListener@6a4f787b, org.springframework.test.context.support.DirtiesContextBeforeModesTestExecutionListener@685cb137, org.springframework.test.context.support.DependencyInjectionTestExecutionListener@6a41eaa2, org.springframework.test.context.support.DirtiesContextTestExecutionListener@7cd62f43]
[INFO][main][2019-09-16 19:45:29][org.springframework.beans.factory.xml.XmlBeanDefinitionReader] - Loading XML bean definitions from class path resource [applicationContext-redis.xml]
[INFO][main][2019-09-16 19:45:30][org.springframework.beans.factory.xml.XmlBeanDefinitionReader] - Loading XML bean definitions from class path resource [spring-mybatis.xml]
[INFO][main][2019-09-16 19:45:30][org.springframework.beans.factory.xml.XmlBeanDefinitionReader] - Loading XML bean definitions from class path resource [applicationContext-activemq.xml]
[INFO][main][2019-09-16 19:45:30][org.springframework.beans.factory.xml.XmlBeanDefinitionReader] - Loading XML bean definitions from class path resource [applicationContext-solr.xml]
[INFO][main][2019-09-16 19:45:30][org.springframework.context.support.AbstractApplicationContext] - Refreshing org.springframework.context.support.GenericApplicationContext@6ddf90b0: startup date [Mon Sep 16 19:45:30 CST 2019]; root of context hierarchy
[INFO][main][2019-09-16 19:45:31][org.springframework.core.io.support.PropertiesLoaderSupport] - Loading properties file from class path resource [jdbc.properties]
[INFO][main][2019-09-16 19:45:31][org.springframework.core.io.support.PropertiesLoaderSupport] - Loading properties file from class path resource [redis.properties]
[INFO][main][2019-09-16 19:45:31][org.springframework.beans.factory.annotation.AutowiredAnnotationBeanPostProcessor] - JSR-330 'javax.inject.Inject' annotation found and supported for autowiring
[INFO][main][2019-09-16 19:45:35][org.springframework.context.support.DefaultLifecycleProcessor$LifecycleGroup] - Starting beans in phase 2147483647
[INFO][Thread-3][2019-09-16 19:45:36][org.springframework.context.support.AbstractApplicationContext] - Closing org.springframework.context.support.GenericApplicationContext@6ddf90b0: startup date [Mon Sep 16 19:45:30 CST 2019]; root of context hierarchy
[INFO][Thread-3][2019-09-16 19:45:36][org.springframework.context.support.DefaultLifecycleProcessor$LifecycleGroup] - Stopping beans in phase 2147483647
[INFO][org.springframework.jms.listener.DefaultMessageListenerContainer#0-1][2019-09-16 19:45:41][org.springframework.jms.listener.DefaultMessageListenerContainer] - JMS message listener invoker needs to establish shared Connection
[INFO][main][2019-09-16 21:12:09][org.springframework.test.context.support.AbstractTestContextBootstrapper] - Using TestExecutionListeners: [org.springframework.test.context.web.ServletTestExecutionListener@26ca61bf, org.springframework.test.context.support.DirtiesContextBeforeModesTestExecutionListener@73a0f2b, org.springframework.test.context.support.DependencyInjectionTestExecutionListener@fa5f81c, org.springframework.test.context.support.DirtiesContextTestExecutionListener@6a1d526c]
[INFO][main][2019-09-16 21:12:10][org.springframework.beans.factory.xml.XmlBeanDefinitionReader] - Loading XML bean definitions from class path resource [applicationContext-redis.xml]
[INFO][main][2019-09-16 21:12:11][org.springframework.beans.factory.xml.XmlBeanDefinitionReader] - Loading XML bean definitions from class path resource [spring-mybatis.xml]
[INFO][main][2019-09-16 21:12:12][org.springframework.beans.factory.xml.XmlBeanDefinitionReader] - Loading XML bean definitions from class path resource [applicationContext-activemq.xml]
[INFO][main][2019-09-16 21:12:13][org.springframework.beans.factory.xml.XmlBeanDefinitionReader] - Loading XML bean definitions from class path resource [applicationContext-solr.xml]
[INFO][main][2019-09-16 21:12:13][org.springframework.context.support.AbstractApplicationContext] - Refreshing org.springframework.context.support.GenericApplicationContext@3b42121d: startup date [Mon Sep 16 21:12:13 CST 2019]; root of context hierarchy
[INFO][main][2019-09-16 21:12:14][org.springframework.core.io.support.PropertiesLoaderSupport] - Loading properties file from class path resource [jdbc.properties]
[INFO][main][2019-09-16 21:12:14][org.springframework.core.io.support.PropertiesLoaderSupport] - Loading properties file from class path resource [redis.properties]
[INFO][main][2019-09-16 21:12:14][org.springframework.beans.factory.annotation.AutowiredAnnotationBeanPostProcessor] - JSR-330 'javax.inject.Inject' annotation found and supported for autowiring
[INFO][main][2019-09-16 21:12:20][org.springframework.context.support.DefaultLifecycleProcessor$LifecycleGroup] - Starting beans in phase 2147483647
[INFO][Thread-12][2019-09-16 21:12:22][org.springframework.context.support.AbstractApplicationContext] - Closing org.springframework.context.support.GenericApplicationContext@3b42121d: startup date [Mon Sep 16 21:12:13 CST 2019]; root of context hierarchy
[INFO][Thread-12][2019-09-16 21:12:22][org.springframework.context.support.DefaultLifecycleProcessor$LifecycleGroup] - Stopping beans in phase 2147483647
[INFO][org.springframework.jms.listener.DefaultMessageListenerContainer#0-1][2019-09-16 21:12:27][org.springframework.jms.listener.DefaultMessageListenerContainer] - JMS message listener invoker needs to establish shared Connection
[INFO][main][2019-09-16 21:45:41][org.springframework.test.context.support.AbstractTestContextBootstrapper] - Using TestExecutionListeners: [org.springframework.test.context.web.ServletTestExecutionListener@6d4b1c02, org.springframework.test.context.support.DirtiesContextBeforeModesTestExecutionListener@6093dd95, org.springframework.test.context.support.DependencyInjectionTestExecutionListener@5622fdf, org.springframework.test.context.support.DirtiesContextTestExecutionListener@4883b407]
[INFO][main][2019-09-16 21:45:41][org.springframework.beans.factory.xml.XmlBeanDefinitionReader] - Loading XML bean definitions from class path resource [applicationContext-redis.xml]
[INFO][main][2019-09-16 21:45:41][org.springframework.beans.factory.xml.XmlBeanDefinitionReader] - Loading XML bean definitions from class path resource [spring-mybatis.xml]
[INFO][main][2019-09-16 21:45:42][org.springframework.beans.factory.xml.XmlBeanDefinitionReader] - Loading XML bean definitions from class path resource [applicationContext-activemq.xml]
[INFO][main][2019-09-16 21:45:42][org.springframework.beans.factory.xml.XmlBeanDefinitionReader] - Loading XML bean definitions from class path resource [applicationContext-solr.xml]
[INFO][main][2019-09-16 21:45:42][org.springframework.context.support.AbstractApplicationContext] - Refreshing org.springframework.context.support.GenericApplicationContext@4b4523f8: startup date [Mon Sep 16 21:45:42 CST 2019]; root of context hierarchy
[INFO][main][2019-09-16 21:45:43][org.springframework.core.io.support.PropertiesLoaderSupport] - Loading properties file from class path resource [jdbc.properties]
[INFO][main][2019-09-16 21:45:43][org.springframework.core.io.support.PropertiesLoaderSupport] - Loading properties file from class path resource [redis.properties]
[INFO][main][2019-09-16 21:45:43][org.springframework.beans.factory.annotation.AutowiredAnnotationBeanPostProcessor] - JSR-330 'javax.inject.Inject' annotation found and supported for autowiring
[INFO][main][2019-09-16 21:45:46][org.springframework.context.support.DefaultLifecycleProcessor$LifecycleGroup] - Starting beans in phase 2147483647
[INFO][Thread-3][2019-09-16 21:45:50][org.springframework.context.support.AbstractApplicationContext] - Closing org.springframework.context.support.GenericApplicationContext@4b4523f8: startup date [Mon Sep 16 21:45:42 CST 2019]; root of context hierarchy
[INFO][Thread-3][2019-09-16 21:45:50][org.springframework.context.support.DefaultLifecycleProcessor$LifecycleGroup] - Stopping beans in phase 2147483647
[INFO][org.springframework.jms.listener.DefaultMessageListenerContainer#0-1][2019-09-16 21:45:52][org.springframework.jms.listener.DefaultMessageListenerContainer] - JMS message listener invoker needs to establish shared Connection
